--------------------------------------------------------------------------------
      name:  <unnamed>
       log:  C:\Users\ohu\Desktop\output.log
  log type:  text
 opened on:  22 Oct 2025, 21:58:17

. import delimited "C:\Users\ohu\Desktop\penguins.csv", clear
(encoding automatically selected: ISO-8859-2)
(8 vars, 344 obs)

. summarize bill_length_mm bill_depth_mm flipper_length_mm body_mass_g

    Variable |        Obs        Mean    Std. dev.       Min        Max
-------------+---------------------------------------------------------
bill_lengt~m |          0
bill_depth~m |          0
flipper_le~m |          0
 body_mass_g |          0

. tabulate species

    species |      Freq.     Percent        Cum.
------------+-----------------------------------
     Adelie |        152       44.19       44.19
  Chinstrap |         68       19.77       63.95
     Gentoo |        124       36.05      100.00
------------+-----------------------------------
      Total |        344      100.00

. log close
      name:  <unnamed>
       log:  C:\Users\ohu\Desktop\output.log
  log type:  text
 closed on:  22 Oct 2025, 21:59:05
--------------------------------------------------------------------------------
