--------------------------------------------------------------------------------
      name:  <unnamed>
       log:  C:\Users\ohu\Desktop\output.log
  log type:  text
 opened on:  22 Oct 2025, 22:13:10

. import delimited "C:\Users\ohu\Desktop\penguins.csv", clear
(encoding automatically selected: ISO-8859-2)
(8 vars, 344 obs)

. summarize bill_length_mm bill_depth_mm flipper_length_mm body_mass_g

    Variable |        Obs        Mean    Std. dev.       Min        Max
-------------+---------------------------------------------------------
bill_lengt~m |          0
bill_depth~m |          0
flipper_le~m |          0
 body_mass_g |          0

. tabulate species

    species |      Freq.     Percent        Cum.
------------+-----------------------------------
     Adelie |        152       44.19       44.19
  Chinstrap |         68       19.77       63.95
     Gentoo |        124       36.05      100.00
------------+-----------------------------------
      Total |        344      100.00

. // Added regression analysis in test branch
. regress body_mass_g flipper_length_mm
no observations
r(2000);

end of do-file

r(2000);

. do "C:\Users\LOCAL_~1\Temp\50\STD4dd0_000001.tmp"

. // Assignment 2 Penguins Analysis
. log using "C:\Users\ohu\Desktop\output.log", replace text
log file already open
r(604);

end of do-file

r(604);

. clear

. do "C:\Users\LOCAL_~1\Temp\50\STD4dd0_000002.tmp"

. log using "C:\Users\ohu\Desktop\output.log", replace text
log file already open
r(604);

end of do-file

r(604);

. do "C:\Users\LOCAL_~1\Temp\50\STD4dd0_000003.tmp"

. import delimited "C:\Users\ohu\Desktop\penguins.csv", clear
(encoding automatically selected: ISO-8859-2)
(8 vars, 344 obs)

. 
end of do-file

. do "C:\Users\LOCAL_~1\Temp\50\STD4dd0_000004.tmp"

. summarize bill_length_mm bill_depth_mm flipper_length_mm body_mass_g

    Variable |        Obs        Mean    Std. dev.       Min        Max
-------------+---------------------------------------------------------
bill_lengt~m |          0
bill_depth~m |          0
flipper_le~m |          0
 body_mass_g |          0

. 
end of do-file

. do "C:\Users\LOCAL_~1\Temp\50\STD4dd0_000005.tmp"

. tabulate species

    species |      Freq.     Percent        Cum.
------------+-----------------------------------
     Adelie |        152       44.19       44.19
  Chinstrap |         68       19.77       63.95
     Gentoo |        124       36.05      100.00
------------+-----------------------------------
      Total |        344      100.00

. 
end of do-file

. do "C:\Users\LOCAL_~1\Temp\50\STD4dd0_000006.tmp"

. tabulate sex

        sex |      Freq.     Percent        Cum.
------------+-----------------------------------
         NA |         11        3.20        3.20
     female |        165       47.97       51.16
       male |        168       48.84      100.00
------------+-----------------------------------
      Total |        344      100.00

. 
end of do-file

. do "C:\Users\LOCAL_~1\Temp\50\STD4dd0_000007.tmp"

. log close
      name:  <unnamed>
       log:  C:\Users\ohu\Desktop\output.log
  log type:  text
 closed on:  22 Oct 2025, 22:16:59
--------------------------------------------------------------------------------
